12:35:02 INFO  : Registering command handlers for SDK TCF services
12:35:04 INFO  : Launching XSCT server: xsct.bat -interactive C:\Users\Guilherme\Documents\UnB\Pratica_de_Eletronica_Digital_2\2019_1\Filtro_FIR_1\tutorial_microblaze\tutorial_microblaze.sdk\temp_xsdb_launch_script.tcl
12:35:14 INFO  : XSCT server has started successfully.
12:35:14 INFO  : Successfully done setting XSCT server connection channel  
12:35:26 INFO  : Successfully done setting SDK workspace  
12:35:26 INFO  : Processing command line option -hwspec C:/Users/Guilherme/Documents/UnB/Pratica_de_Eletronica_Digital_2/2019_1/Filtro_FIR_1/tutorial_microblaze/tutorial_microblaze.sdk/design_1_wrapper.hdf.
13:01:22 INFO  : Registering command handlers for SDK TCF services
13:01:23 INFO  : Launching XSCT server: xsct.bat -interactive C:\Users\Guilherme\Documents\UnB\Pratica_de_Eletronica_Digital_2\2019_1\Filtro_FIR_1\tutorial_microblaze\tutorial_microblaze.sdk\temp_xsdb_launch_script.tcl
13:01:26 INFO  : XSCT server has started successfully.
13:01:29 INFO  : Successfully done setting XSCT server connection channel  
13:01:29 INFO  : Processing command line option -hwspec C:/Users/Guilherme/Documents/UnB/Pratica_de_Eletronica_Digital_2/2019_1/Filtro_FIR_1/tutorial_microblaze/tutorial_microblaze.sdk/design_1_wrapper.hdf.
13:01:29 INFO  : Successfully done setting SDK workspace  
13:01:29 INFO  : Checking for hwspec changes in the project design_1_wrapper_hw_platform_0.
13:18:39 INFO  : Connected to target on host '127.0.0.1' and port '3121'.
13:18:42 INFO  : 'targets -set -filter {jtag_cable_name =~ "Digilent Basys3 210183A2845DA" && level==0} -index 0' command is executed.
13:18:43 INFO  : FPGA configured successfully with bitstream "C:/Users/Guilherme/Documents/UnB/Pratica_de_Eletronica_Digital_2/2019_1/Filtro_FIR_1/tutorial_microblaze/tutorial_microblaze.sdk/design_1_wrapper_hw_platform_0/download.bit"
13:19:42 WARN  : Given IPC port value is invalid. Using default port 2350
13:19:43 WARN  : Given XMD timeout value is invalid. Using default value of 50000
13:19:45 WARN  : Given XMD transaction timeout value is invalid. Using default value of 60000 milli seconds
13:19:45 WARN  : Given XMD transaction timeout value is invalid. Using default value of 60000 milli seconds
13:19:51 WARN  : Given XMD transaction timeout value is invalid. Using default value of 60000 milli seconds
13:19:51 WARN  : Given XMD transaction timeout value is invalid. Using default value of 60000 milli seconds
13:19:51 WARN  : Given XMD transaction timeout value is invalid. Using default value of 60000 milli seconds
13:19:52 WARN  : Given XMD transaction timeout value is invalid. Using default value of 60000 milli seconds
13:19:52 WARN  : Given XMD transaction timeout value is invalid. Using default value of 60000 milli seconds
13:19:52 INFO  : Processor reset is completed for microblaze_0
13:19:52 WARN  : Given XMD transaction timeout value is invalid. Using default value of 60000 milli seconds
13:19:52 WARN  : Given XMD transaction timeout value is invalid. Using default value of 60000 milli seconds
13:19:52 WARN  : Given XMD transaction timeout value is invalid. Using default value of 60000 milli seconds
13:19:52 WARN  : Given XMD transaction timeout value is invalid. Using default value of 60000 milli seconds
13:19:52 WARN  : Given XMD transaction timeout value is invalid. Using default value of 60000 milli seconds
13:19:53 WARN  : Given XMD transaction timeout value is invalid. Using default value of 60000 milli seconds
13:21:12 WARN  : Given XMD transaction timeout value is invalid. Using default value of 60000 milli seconds
13:21:12 WARN  : Given XMD transaction timeout value is invalid. Using default value of 60000 milli seconds
18:14:57 INFO  : Registering command handlers for SDK TCF services
18:14:59 INFO  : Launching XSCT server: xsct.bat -interactive C:\Users\Guilherme\Documents\UnB\Pratica_de_Eletronica_Digital_2\2019_1\Filtro_FIR_1\tutorial_microblaze\tutorial_microblaze.sdk\temp_xsdb_launch_script.tcl
18:15:07 INFO  : XSCT server has started successfully.
18:15:16 INFO  : Successfully done setting XSCT server connection channel  
18:15:16 INFO  : Successfully done setting SDK workspace  
18:15:16 INFO  : Processing command line option -hwspec C:/Users/Guilherme/Documents/UnB/Pratica_de_Eletronica_Digital_2/2019_1/Filtro_FIR_1/tutorial_microblaze/tutorial_microblaze.sdk/design_1_wrapper.hdf.
18:15:16 INFO  : Checking for hwspec changes in the project design_1_wrapper_hw_platform_0.
18:15:51 ERROR : (XSDB Server)ERROR: [Hsi 55-1594] Core cpu of version 2.8 not found in repositories

18:15:51 ERROR : (XSDB Server)ERROR: [Hsi 55-1594] Core standalone of version 6.8 not found in repositories

18:15:51 ERROR : (XSDB Server)ERROR: [Hsi 55-1452] Error: running open_sw_design.

18:15:51 ERROR :  [Common 17-39] 'hsi::open_sw_design' failed due to earlier errors.
18:15:51 ERROR : (XSDB Server)ERROR: [Hsi 55-1594] Core cpu of version 2.8 not found in repositories

18:15:51 ERROR : (XSDB Server)ERROR: [Hsi 55-1594] Core standalone of version 6.8 not found in repositories

18:15:51 ERROR : (XSDB Server)ERROR: [Hsi 55-1452] Error: running open_sw_design.

18:15:51 INFO  : Unable to read in MSS file C:\Users\Guilherme\Documents\UnB\Pratica_de_Eletronica_Digital_2\2019_1\Filtro_FIR_1\tutorial_microblaze\tutorial_microblaze.sdk\read_switch_bsp\system.mss : null
18:15:51 ERROR : (XSDB Server)ERROR: [Hsi 55-1594] Core cpu of version 2.8 not found in repositories

18:15:51 ERROR : (XSDB Server)ERROR: [Hsi 55-1594] Core standa
18:15:51 ERROR : (XSDB Server)lone of version 6.8 not found in repositories
ERROR: [Hsi 55-1452] Error: ru
18:15:51 ERROR : (XSDB Server)nning open_sw_design.

18:15:51 ERROR : (XSDB Server)ERROR: [Hsi 55-1594] Core cpu of version 2.8 not found in
18:15:51 ERROR : (XSDB Server) repositories
ERROR: [Hsi 55-1594] Core standalone of version 6.8 not found in repositories

18:15:51 ERROR : (XSDB Server)ERROR: [Hsi 55-1452] Error: ru
18:15:51 ERROR : (XSDB Server)nning open_sw_design.

18:15:51 ERROR : Failed to get_connected_periphs
Reason: ERROR: [Common 17-55] 'get_property' expects at least one object.
Resolution: If [get_<value>] was used to populate the object, check to make sure this command returns at least one valid object.

18:16:23 WARN  : Given IPC port value is invalid. Using default port 2350
18:16:23 WARN  : Given XMD timeout value is invalid. Using default value of 50000
18:16:26 WARN  : Given XMD transaction timeout value is invalid. Using default value of 60000 milli seconds
18:16:26 WARN  : Given XMD transaction timeout value is invalid. Using default value of 60000 milli seconds
18:16:29 WARN  : Given XMD transaction timeout value is invalid. Using default value of 60000 milli seconds
18:16:32 ERROR : Checking FPGA configuration failed..Connection to Board Failed


    Unknown Error Occured
    Cable is not connected to the host

18:16:32 ERROR : Unexpected error while launching program.
com.xilinx.sdk.targetmanager.TMException: Connection to Board Failed


    Unknown Error Occured
    Cable is not connected to the host

	at com.xilinx.sdk.targetmanager.internal.TM.isFPGAConfigured(TM.java:368)
	at com.xilinx.sdk.debug.core.XilinxAppLaunchConfigurationDelegate.isFpgaConfigured(XilinxAppLaunchConfigurationDelegate.java:409)
	at com.xilinx.sdk.debug.core.XilinxAppLaunchConfigurationDelegate.launch(XilinxAppLaunchConfigurationDelegate.java:303)
	at com.xilinx.sdk.debug.ui.XilinxAppLaunchDelegateWrapper.launch(XilinxAppLaunchDelegateWrapper.java:31)
	at org.eclipse.debug.internal.core.LaunchConfiguration.launch(LaunchConfiguration.java:885)
	at org.eclipse.debug.internal.core.LaunchConfiguration.launch(LaunchConfiguration.java:739)
	at org.eclipse.debug.internal.ui.DebugUIPlugin.buildAndLaunch(DebugUIPlugin.java:1039)
	at org.eclipse.debug.internal.ui.DebugUIPlugin$8.run(DebugUIPlugin.java:1256)
	at org.eclipse.core.internal.jobs.Worker.run(Worker.java:55)
18:26:07 ERROR : Unexpected error while parsing XMD response ?: com.google.gson.JsonSyntaxException: com.google.gson.stream.MalformedJsonException: invalid number or unquoted string near 
18:27:01 INFO  : Registering command handlers for SDK TCF services
18:27:02 INFO  : Launching XSCT server: xsct.bat -interactive C:\Users\Guilherme\Documents\UnB\Pratica_de_Eletronica_Digital_2\2019_1\Filtro_FIR_1\tutorial_microblaze\tutorial_microblaze.sdk\temp_xsdb_launch_script.tcl
18:27:06 INFO  : XSCT server has started successfully.
18:27:07 INFO  : Processing command line option -hwspec C:/Users/Guilherme/Documents/UnB/Pratica_de_Eletronica_Digital_2/2019_1/Filtro_FIR_1/tutorial_microblaze/tutorial_microblaze.sdk/design_1_wrapper.hdf.
18:27:07 INFO  : Successfully done setting XSCT server connection channel  
18:27:07 INFO  : Checking for hwspec changes in the project design_1_wrapper_hw_platform_0.
18:27:07 INFO  : Successfully done setting SDK workspace  
