#-----------------------------------------------------------
# Vivado v2017.4 (64-bit)
# SW Build 2086221 on Fri Dec 15 20:55:39 MST 2017
# IP Build 2085800 on Fri Dec 15 22:25:07 MST 2017
# Start of session at: Wed Jul 10 11:09:46 2019
# Process ID: 14800
# Current directory: C:/Users/Guilherme/Documents/UnB/Pratica_de_Eletronica_Digital_2/2019_1/SAD
# Command line: vivado.exe -gui_launcher_event rodinguilauncherevent1088 C:\Users\Guilherme\Documents\UnB\Pratica_de_Eletronica_Digital_2\2019_1\SAD\SAD.xpr
# Log file: C:/Users/Guilherme/Documents/UnB/Pratica_de_Eletronica_Digital_2/2019_1/SAD/vivado.log
# Journal file: C:/Users/Guilherme/Documents/UnB/Pratica_de_Eletronica_Digital_2/2019_1/SAD\vivado.jou
#-----------------------------------------------------------
start_gui
open_project C:/Users/Guilherme/Documents/UnB/Pratica_de_Eletronica_Digital_2/2019_1/SAD/SAD.xpr
INFO: [Project 1-313] Project file moved from 'C:/Users/Guilherme/Documents/UnB/Pratica de Eletronica Digital 2/2019_1/SAD' since last save.
CRITICAL WARNING: [Project 1-311] Could not find the file 'C:/Users/Guilherme/Documents/UnB/Pratica_de_Eletronica_Digital_2/2019_1/ROM1.coe', nor could it be found using path 'C:/Users/Guilherme/Documents/UnB/Pratica de Eletronica Digital 2/2019_1/ROM1.coe'.
CRITICAL WARNING: [Project 1-311] Could not find the file 'C:/Users/Guilherme/Documents/UnB/Pratica_de_Eletronica_Digital_2/2019_1/ROM2.coe', nor could it be found using path 'C:/Users/Guilherme/Documents/UnB/Pratica de Eletronica Digital 2/2019_1/ROM2.coe'.
Scanning sources...
Finished scanning sources
INFO: [IP_Flow 19-234] Refreshing IP repositories
INFO: [IP_Flow 19-1704] No user IP repositories specified
INFO: [IP_Flow 19-2313] Loaded Vivado IP repository 'C:/Xilinx/Vivado/2017.4/data/ip'.
open_project: Time (s): cpu = 00:00:21 ; elapsed = 00:00:14 . Memory (MB): peak = 764.457 ; gain = 77.301
update_compile_order -fileset sources_1
exit
INFO: [Common 17-206] Exiting Vivado at Wed Jul 10 12:58:45 2019...
