#-----------------------------------------------------------
# Vivado v2017.4 (64-bit)
# SW Build 2086221 on Fri Dec 15 20:55:39 MST 2017
# IP Build 2085800 on Fri Dec 15 22:25:07 MST 2017
# Start of session at: Wed May  1 17:09:59 2019
# Process ID: 12740
# Current directory: C:/Users/Guilherme/Documents/UnB/Pratica de Eletronica Digital 2/2019_1/SAD
# Command line: vivado.exe -gui_launcher_event rodinguilauncherevent5768 C:\Users\Guilherme\Documents\UnB\Pratica de Eletronica Digital 2\2019_1\SAD\SAD.xpr
# Log file: C:/Users/Guilherme/Documents/UnB/Pratica de Eletronica Digital 2/2019_1/SAD/vivado.log
# Journal file: C:/Users/Guilherme/Documents/UnB/Pratica de Eletronica Digital 2/2019_1/SAD\vivado.jou
#-----------------------------------------------------------
start_gui
open_project {C:/Users/Guilherme/Documents/UnB/Pratica de Eletronica Digital 2/2019_1/SAD/SAD.xpr}
INFO: [Project 1-313] Project file moved from 'C:/Users/LENOVO/Desktop/UnB/VHDL/SAD' since last save.
Scanning sources...
Finished scanning sources
INFO: [IP_Flow 19-234] Refreshing IP repositories
INFO: [IP_Flow 19-1704] No user IP repositories specified
INFO: [IP_Flow 19-2313] Loaded Vivado IP repository 'C:/Xilinx/Vivado/2017.4/data/ip'.
INFO: [Project 1-230] Project 'SAD.xpr' upgraded for this version of Vivado.
open_project: Time (s): cpu = 00:00:13 ; elapsed = 00:00:14 . Memory (MB): peak = 693.727 ; gain = 52.895
update_compile_order -fileset sources_1
report_ip_status -name ip_status 
reset_run ROM1_synth_1
reset_run ROM2_synth_1
reset_run synth_1
launch_runs impl_1 -jobs 2
INFO: [IP_Flow 19-1686] Generating 'Synthesis' target for IP 'ROM1'...
INFO: [IP_Flow 19-1686] Generating 'Synthesis' target for IP 'ROM2'...
[Wed May  1 17:34:55 2019] Launched ROM1_synth_1, ROM2_synth_1, synth_1...
Run output will be captured here:
ROM1_synth_1: C:/Users/Guilherme/Documents/UnB/Pratica de Eletronica Digital 2/2019_1/SAD/SAD.runs/ROM1_synth_1/runme.log
ROM2_synth_1: C:/Users/Guilherme/Documents/UnB/Pratica de Eletronica Digital 2/2019_1/SAD/SAD.runs/ROM2_synth_1/runme.log
synth_1: C:/Users/Guilherme/Documents/UnB/Pratica de Eletronica Digital 2/2019_1/SAD/SAD.runs/synth_1/runme.log
[Wed May  1 17:34:55 2019] Launched impl_1...
Run output will be captured here: C:/Users/Guilherme/Documents/UnB/Pratica de Eletronica Digital 2/2019_1/SAD/SAD.runs/impl_1/runme.log
launch_runs impl_1 -to_step write_bitstream -jobs 2
[Wed May  1 17:39:34 2019] Launched impl_1...
Run output will be captured here: C:/Users/Guilherme/Documents/UnB/Pratica de Eletronica Digital 2/2019_1/SAD/SAD.runs/impl_1/runme.log
exit
INFO: [Common 17-206] Exiting Vivado at Wed May  1 18:04:19 2019...
