KCPSM6 Assembler log file for program 'C:\Users\Guilherme\Documents\UnB\Pratica de Eletronica Digital 2\2019_1\PicoBlaze_Files\Assembler\multiplicador.psm'.
Generated by KCPSM6 version v2.70
Ken Chapman - Xilinx Ltd - 16th May 2014

Assembly datestamp: 04 Jun 2019
Assembly timestamp: 16:27:59

Contents
  Assembly listing
  List of PSM files
  List of CONSTANTs
  List of TABLEs
  List of STRINGs
  List of line labels
  Instruction usage statistics


Last occupied address: 00C hex
Nominal program memory size: 1K (1024)   address(9:0)
Actual memory size: 4096
  (Default memory size)
Occupied memory locations: 13
Memory locations available: 4083


Assembly listing

 Addr Code               Instruction

 000                     ; =========================================================
 000                     ; routine: mult_soft
 000                     ; function: 8-bit unsigned multiplier using
 000                     ; shift-and-add algorithm
 000                     ; input register:
 000                     ; s1: multiplicand
 000                     ; s2: multiplier
 000                     ; output register:
 000                     ; s4: upper byte of product
 000                     ; s5: lower byte of product
 000                     ; temp register: s0
 000                     ; =========================================================
 000                     CONSTANT multiplicand, 00  ; multiplicand = 00H
 000                     CONSTANT multiplier, 01    ; multiplier = 01H
 000                     CONSTANT display, 03       ; display = 02H
 000               mult: 
 000  09100              INPUT s1, 00[multiplicand] ; multiplicand
 001  09201              INPUT s2, 01[multiplier]   ; multiplier
 002          mult_soft: 
 002  01400              LOAD s4, 00                ; clear s4
 003  01008              LOAD s0, 08                ; initialize loop index
 004          mult_loop: 
 004  1420E              SR0 s2                     ; shift lsb to carry
 005  3E007              JUMP NC, 007[shift_prod]   ; lsb is 0
 006  10410              ADD s4, s1                 ; lsb is 1
 007         shift_prod: 
 007  14408              SRA s4                     ; shift upper byte right,
 008                     ; carry to MSB, LSB to carry
 008  14508              SRA s5                     ; shift lower byte right,
 009                     ; lsb of s4 to MSB of s5
 009  19001              SUB s0, 01                 ; dec loop index
 00A  36004              JUMP NZ, 004[mult_loop]    ; repeat until i=0
 00B  2D503              OUTPUT s5, 03[display]     ; display <= s5
 00C  22000              JUMP 000[mult]             ; jump to mult rotine


All unused memory locations contain zero (equivalent to 'LOAD s0, s0')



List of PSM files that have been assembled

C:\Users\Guilherme\Documents\UnB\Pratica de Eletronica Digital 2\2019_1\PicoBlaze_Files\Assembler\multiplicador.psm



List of defined constants

 CONSTANT name     Value        Source PSM File

 timestamp_hours   16'd         
 timestamp_minutes 27'd         
 timestamp_seconds 59'd         
 datestamp_year    19'd         
 datestamp_month   6'd          
 datestamp_day     04'd         
 NUL               00           
 BEL               07           
 BS                08           
 HT                09           
 LF                0A           
 VT                0B           
 CR                0D           
 ESC               1B           
 DEL               7F           
 DCS               90           
 ST                9C           
 multiplicand      00           multiplicador.psm
 multiplier        01           multiplicador.psm
 display           03           multiplicador.psm



No TABLEs defined



List of text strings

 STRING name       String         Source PSM File

 KCPSM6_version$   "v2.70"        
 datestamp$        "04 Jun 2019"  
 timestamp$        "16:27:59"     



List of line labels

   Label        Addr  Source PSM File

   mult         000   multiplicador.psm
 * mult_soft    002   multiplicador.psm
   mult_loop    004   multiplicador.psm
   shift_prod   007   multiplicador.psm

      * Line label has not been referenced in any instructions.
        Hint - This may indicate unused code that could be
               removed to reduce the size of this program.



Instruction usage statistics

 Instruction    Instances

 LOAD              2
 STAR              -

 AND               -
 OR                -
 XOR               -

 ADD               1
 ADDCY             -
 SUB               1
 SUBCY             -

 TEST              -
 TESTCY            -
 COMPARE           -
 COMPARECY         -

 SL0               -
 SL1               -
 SLX               -
 SLA               -
 RL                -
 SR0               1
 SR1               -
 SRX               -
 SRA               2
 RR                -

 REGBANK           -

 INPUT             2
 OUTPUT            1
 OUTPUTK           -

 STORE             -
 FETCH             -

 DISABLE           -
 ENABLE            -
 RETURNI           -

 JUMP              3
 JUMP@             -
 CALL              -
 CALL@             -
 RETURN            -
 LOAD&RETURN       -

 HWBUILD           -



End of KCPSM6 log file.
