Vivado Simulator 2017.4
Copyright 1986-1999, 2001-2016 Xilinx, Inc. All Rights Reserved.
Running: C:/Xilinx/Vivado/2017.4/bin/unwrapped/win64.o/xelab.exe -wto 4194c243fbef4f23abc004f01a8e8ff1 --incr --debug typical --relax --mt 2 -L xil_defaultlib -L secureip --snapshot Top_level_tb_behav xil_defaultlib.Top_level_tb -log elaborate.log 
Using 2 slave threads.
Starting static elaboration
Completed static elaboration
Starting simulation data flow analysis
Completed simulation data flow analysis
Time Resolution for simulation is 1ps
Compiling package std.standard
Compiling package std.textio
Compiling package ieee.std_logic_1164
Compiling package ieee.numeric_std
Compiling package ieee.std_logic_arith
Compiling package ieee.std_logic_unsigned
Compiling architecture behavioral of entity xil_defaultlib.FMS [fms_default]
Compiling architecture behavioral of entity xil_defaultlib.Piscador [piscador_default]
Compiling architecture behavioral of entity xil_defaultlib.Contador [contador_default]
Compiling architecture behavioral of entity xil_defaultlib.Divisor_de_clock [divisor_de_clock_default]
Compiling architecture behavioral of entity xil_defaultlib.Mux_Display [mux_display_default]
Compiling architecture behavioral of entity xil_defaultlib.Top_level [top_level_default]
Compiling architecture behavioral of entity xil_defaultlib.top_level_tb
Built simulation snapshot Top_level_tb_behav
