#-----------------------------------------------------------
# Vivado v2017.4 (64-bit)
# SW Build 2086221 on Fri Dec 15 20:55:39 MST 2017
# IP Build 2085800 on Fri Dec 15 22:25:07 MST 2017
# Start of session at: Fri Aug 30 15:42:43 2019
# Process ID: 11188
# Current directory: C:/Users/Guilherme/Documents/UnB/Pratica_de_Eletronica_Digital_2/2019_1/FMS_Sistema_de_alarme
# Command line: vivado.exe -gui_launcher_event rodinguilauncherevent12268 C:\Users\Guilherme\Documents\UnB\Pratica_de_Eletronica_Digital_2\2019_1\FMS_Sistema_de_alarme\FMS_Sistema_de_alarme.xpr
# Log file: C:/Users/Guilherme/Documents/UnB/Pratica_de_Eletronica_Digital_2/2019_1/FMS_Sistema_de_alarme/vivado.log
# Journal file: C:/Users/Guilherme/Documents/UnB/Pratica_de_Eletronica_Digital_2/2019_1/FMS_Sistema_de_alarme\vivado.jou
#-----------------------------------------------------------
start_gui
open_project C:/Users/Guilherme/Documents/UnB/Pratica_de_Eletronica_Digital_2/2019_1/FMS_Sistema_de_alarme/FMS_Sistema_de_alarme.xpr
INFO: [ProjectBase 1-489] The host OS only allows 260 characters in a normal path. The project is stored in a path with more than 80 characters. If you experience issues with IP, Block Designs, or files not being found, please consider moving the project to a location with a shorter path. Alternately consider using the OS subst command to map part of the path to a drive letter.
Current project path is 'C:/Users/Guilherme/Documents/UnB/Pratica_de_Eletronica_Digital_2/2019_1/FMS_Sistema_de_alarme'
INFO: [Project 1-313] Project file moved from 'C:/Users/Guilherme/Documents/UnB/Pratica de Eletronica Digital 2/2019_1/FMS_Sistema_de_alarme' since last save.
Scanning sources...
Finished scanning sources
CRITICAL WARNING: [Project 1-564] A project save was requested while parsing the project. To prevent a partially loaded project from being committed to disk, this save will not occur.
INFO: [IP_Flow 19-234] Refreshing IP repositories
INFO: [IP_Flow 19-1704] No user IP repositories specified
INFO: [IP_Flow 19-2313] Loaded Vivado IP repository 'C:/Xilinx/Vivado/2017.4/data/ip'.
open_project: Time (s): cpu = 00:00:19 ; elapsed = 00:00:09 . Memory (MB): peak = 760.258 ; gain = 58.547
update_compile_order -fileset sources_1
exit
INFO: [Common 17-206] Exiting Vivado at Fri Aug 30 16:13:14 2019...
