#-----------------------------------------------------------
# Vivado v2017.4 (64-bit)
# SW Build 2086221 on Fri Dec 15 20:55:39 MST 2017
# IP Build 2085800 on Fri Dec 15 22:25:07 MST 2017
# Start of session at: Fri Aug 30 10:27:35 2019
# Process ID: 2328
# Current directory: C:/Users/Guilherme/Documents/UnB/Pratica_de_Eletronica_Digital_2/2019_1/Elevador
# Command line: vivado.exe -gui_launcher_event rodinguilauncherevent10588 C:\Users\Guilherme\Documents\UnB\Pratica_de_Eletronica_Digital_2\2019_1\Elevador\Elevador.xpr
# Log file: C:/Users/Guilherme/Documents/UnB/Pratica_de_Eletronica_Digital_2/2019_1/Elevador/vivado.log
# Journal file: C:/Users/Guilherme/Documents/UnB/Pratica_de_Eletronica_Digital_2/2019_1/Elevador\vivado.jou
#-----------------------------------------------------------
start_gui
open_project C:/Users/Guilherme/Documents/UnB/Pratica_de_Eletronica_Digital_2/2019_1/Elevador/Elevador.xpr
CRITICAL WARNING: [Project 1-19] Could not find the file 'C:/Users/Guilherme/Documents/UnB/Pratica_de_Eletronica_Digital_2/2019_1/Elevador/Elevador.srcs/sources_1/new/Algoritmo.vhd'.
CRITICAL WARNING: [Project 1-19] Could not find the file 'C:/Users/Guilherme/Documents/UnB/Pratica_de_Eletronica_Digital_2/2019_1/Elevador/Elevador.srcs/sources_1/new/Comparador.vhd'.
CRITICAL WARNING: [Project 1-19] Could not find the file 'C:/Users/Guilherme/Documents/UnB/Pratica_de_Eletronica_Digital_2/2019_1/Elevador/Elevador.srcs/sources_1/new/Contador_U_D.vhd'.
CRITICAL WARNING: [Project 1-19] Could not find the file 'C:/Users/Guilherme/Documents/UnB/Pratica_de_Eletronica_Digital_2/2019_1/Elevador/Elevador.srcs/sources_1/new/Display.vhd'.
CRITICAL WARNING: [Project 1-19] Could not find the file 'C:/Users/Guilherme/Documents/UnB/Pratica_de_Eletronica_Digital_2/2019_1/Elevador/Elevador.srcs/sources_1/new/FMS.vhd'.
CRITICAL WARNING: [Project 1-19] Could not find the file 'C:/Users/Guilherme/Documents/UnB/Pratica_de_Eletronica_Digital_2/2019_1/Elevador/Elevador.srcs/sources_1/new/Temporizador.vhd'.
CRITICAL WARNING: [Project 1-19] Could not find the file 'C:/Users/Guilherme/Documents/UnB/Pratica_de_Eletronica_Digital_2/2019_1/Elevador/Elevador.srcs/sources_1/new/Top_Level.vhd'.
CRITICAL WARNING: [Project 1-19] Could not find the file 'C:/Users/Guilherme/Documents/UnB/Pratica_de_Eletronica_Digital_2/2019_1/Elevador/Elevador.srcs/sim_1/new/tb_top_level.vhd'.
CRITICAL WARNING: [Project 1-19] Could not find the file 'C:/Users/Guilherme/Documents/UnB/Pratica_de_Eletronica_Digital_2/2019_1/Elevador/Elevador.srcs/sim_1/new/tb_temporizador.vhd'.
CRITICAL WARNING: [Project 1-19] Could not find the file 'C:/Users/Guilherme/Documents/UnB/Pratica_de_Eletronica_Digital_2/2019_1/Elevador/Elevador.srcs/sim_1/new/tb_Contador_U_D.vhd'.
CRITICAL WARNING: [Project 1-19] Could not find the file 'C:/Users/Guilherme/Documents/UnB/Pratica_de_Eletronica_Digital_2/2019_1/Elevador/Elevador.srcs/sim_1/new/tb_FMS.vhd'.
CRITICAL WARNING: [Project 1-19] Could not find the file 'C:/Users/Guilherme/Documents/UnB/Pratica_de_Eletronica_Digital_2/2019_1/Elevador/Elevador.srcs/sim_1/new/tb_Algoritmo.vhd'.
CRITICAL WARNING: [Project 1-19] Could not find the file 'C:/Users/Guilherme/Documents/UnB/Pratica_de_Eletronica_Digital_2/2019_1/Elevador/Elevador.srcs/sim_1/new/tb_Comparador.vhd'.
Scanning sources...
Finished scanning sources
INFO: [IP_Flow 19-234] Refreshing IP repositories
INFO: [IP_Flow 19-1704] No user IP repositories specified
INFO: [IP_Flow 19-2313] Loaded Vivado IP repository 'C:/Xilinx/Vivado/2017.4/data/ip'.
open_project: Time (s): cpu = 00:00:18 ; elapsed = 00:00:11 . Memory (MB): peak = 760.391 ; gain = 51.980
update_compile_order -fileset sources_1
update_compile_order -fileset sim_1
exit
INFO: [Common 17-206] Exiting Vivado at Fri Aug 30 11:59:04 2019...
